02/09/2015 01:21:56 p.m.: Validando usuario ADMIN.....
02/09/2015 01:21:56 p.m.: Crear contexto...
02/09/2015 01:21:57 p.m.: Consultar usuario...
02/09/2015 01:21:59 p.m.: System.Data.EntityException: Error del proveedor subyacente en Open. ---> MySql.Data.MySqlClient.MySqlException: Unable to connect to any of the specified MySQL hosts. ---> System.Net.Sockets.SocketException: Host desconocido
   en System.Net.Dns.GetAddrInfo(String name)
   en System.Net.Dns.InternalGetHostByName(String hostName, Boolean includeIPv6)
   en System.Net.Dns.GetHostEntry(String hostNameOrAddress)
   en MySql.Data.Common.MyNetworkStream.CreateStream(MySqlConnectionStringBuilder settings, Boolean unix)
   en MySql.Data.Common.StreamCreator.GetStream(MySqlConnectionStringBuilder settings)
   en MySql.Data.MySqlClient.NativeDriver.Open()
   --- Fin del seguimiento de la pila de la excepción interna ---
   en MySql.Data.MySqlClient.NativeDriver.Open()
   en MySql.Data.MySqlClient.Driver.Open()
   en MySql.Data.MySqlClient.Driver.Create(MySqlConnectionStringBuilder settings)
   en MySql.Data.MySqlClient.MySqlPool.GetPooledConnection()
   en MySql.Data.MySqlClient.MySqlPool.TryToGetDriver()
   en MySql.Data.MySqlClient.MySqlPool.GetConnection()
   en MySql.Data.MySqlClient.MySqlConnection.Open()
   en System.Data.EntityClient.EntityConnection.OpenStoreConnectionIf(Boolean openCondition, DbConnection storeConnectionToOpen, DbConnection originalConnection, String exceptionCode, String attemptedOperation, Boolean& closeStoreConnectionOnFailure)
   --- Fin del seguimiento de la pila de la excepción interna ---
   en System.Data.EntityClient.EntityConnection.OpenStoreConnectionIf(Boolean openCondition, DbConnection storeConnectionToOpen, DbConnection originalConnection, String exceptionCode, String attemptedOperation, Boolean& closeStoreConnectionOnFailure)
   en System.Data.EntityClient.EntityConnection.Open()
   en System.Data.Objects.ObjectContext.EnsureConnection()
   en System.Data.Objects.ObjectQuery`1.GetResults(Nullable`1 forMergeOption)
   en System.Data.Objects.ObjectQuery`1.System.Collections.Generic.IEnumerable<T>.GetEnumerator()
   en System.Linq.Enumerable.FirstOrDefault[TSource](IEnumerable`1 source)
   en System.Data.Objects.ELinq.ObjectQueryProvider.<GetElementFunction>b__1[TResult](IEnumerable`1 sequence)
   en System.Data.Objects.ELinq.ObjectQueryProvider.ExecuteSingle[TResult](IEnumerable`1 query, Expression queryRoot)
   en System.Data.Objects.ELinq.ObjectQueryProvider.System.Linq.IQueryProvider.Execute[S](Expression expression)
   en System.Linq.Queryable.FirstOrDefault[TSource](IQueryable`1 source, Expression`1 predicate)
   en CalendarioAdmin.GUI.Frm_login.ValidarUsuario(String user, String pass) en G:\Github\AdministradorDeEventos\CalendarioAdmin\GUI\Frm_login.cs:línea 57
   en CalendarioAdmin.GUI.Frm_login.btnAceptar_Click(Object sender, EventArgs e) en G:\Github\AdministradorDeEventos\CalendarioAdmin\GUI\Frm_login.cs:línea 32
02/09/2015 01:22:01 p.m.: Abrir formulario de configuración...
02/09/2015 01:22:19 p.m.: Validando usuario ADMIN.....
02/09/2015 01:22:19 p.m.: Crear contexto...
02/09/2015 01:22:19 p.m.: Consultar usuario...
02/09/2015 01:22:19 p.m.: Usuario valido, iniciando aplicación...
02/09/2015 01:23:04 p.m.: Validando usuario MEMO.....
02/09/2015 01:23:04 p.m.: Crear contexto...
02/09/2015 01:23:04 p.m.: Consultar usuario...
02/09/2015 01:23:05 p.m.: Usuario valido, iniciando aplicación...
02/09/2015 01:24:09 p.m.: Validando usuario MEMO.....
02/09/2015 01:24:09 p.m.: Crear contexto...
02/09/2015 01:24:09 p.m.: Consultar usuario...
02/09/2015 01:24:10 p.m.: Usuario valido, iniciando aplicación...
02/09/2015 01:24:20 p.m.: Crear contexto...
02/09/2015 01:24:20 p.m.: Consultar usuario...
02/09/2015 01:24:20 p.m.: Usuario valido, iniciando aplicación...
02/09/2015 02:54:29 p.m.: Crear contexto...
02/09/2015 02:54:29 p.m.: Consultar usuario...
02/09/2015 02:54:29 p.m.: Usuario valido, iniciando aplicación...
02/09/2015 02:57:53 p.m.: Crear contexto...
02/09/2015 02:57:53 p.m.: Consultar usuario...
02/09/2015 02:57:54 p.m.: Usuario valido, iniciando aplicación...
02/09/2015 02:58:50 p.m.: Crear contexto...
02/09/2015 02:58:50 p.m.: Consultar usuario...
02/09/2015 02:58:50 p.m.: Usuario valido, iniciando aplicación...
